2019-12-20 14:55:39,230  - INFO - ----  test001_登录title_com.jm.android.jumei:id/commit_click          ----
2019-12-20 14:55:41,604  - INFO - ----  test001_登录title_com.android.packageinstaller:id/permission_allow_button_click          ----
2019-12-20 14:55:42,245  - INFO - ----  test001_登录title_com.android.packageinstaller:id/permission_allow_button_click          ----
2019-12-20 14:55:51,847  - INFO - ----  test001_登录title_com.jm.android.jumei:id/ftb_mine_click          ----
2019-12-20 14:55:57,449  - INFO - ----  test001_登录title_com.jm.android.jumei:id/mine_top_register_login_tv_click          ----
2019-12-20 14:55:59,144  - INFO - ----  test001_登录title_com.jm.android.jumei:id/tab_login_account_click          ----
2019-12-20 14:55:59,244  - INFO - ----  test001_登录title_com.jm.android.jumei:id/lg_user_name_set_value 469858846@qq.com        ----
2019-12-20 14:56:00,439  - INFO - ----  test001_登录title_com.jm.android.jumei:id/lg_password_set_value ZWwodeai1314        ----
2019-12-20 14:56:01,769  - INFO - ----  test001_登录title_com.jm.android.jumei:id/login_account_click          ----
2019-12-20 14:56:06,912  - INFO - ----  test001_登录title_com.jm.android.jumei:id/mine_card_header_swipe_up          ----
2019-12-20 14:56:09,104  - INFO - ----  test001_登录title_//*[@text='颜值贷']_click          ----
2019-12-20 14:56:15,298  - INFO - ----  test001_登录title_360,700_adb_tap          ----
2019-12-20 14:56:20,091  - INFO - ----  test001_登录title_370,870_adb_tap          ----
2019-12-20 14:56:24,588  - INFO - ----  test001_登录title_200,305_adb_tap          ----
2019-12-20 14:56:29,024  - INFO - ----  test001_登录title_1000_input_tap          ----
2019-12-20 14:56:34,753  - INFO - ----  test001_登录title_608,440_adb_tap          ----
2019-12-20 14:56:40,221  - INFO - ----  test001_登录title_665,880_adb_tap          ----
2019-12-20 14:56:44,856  - INFO - ----  test001_登录title_610,795_adb_tap          ----
2019-12-20 14:56:49,155  - INFO - ----  test001_登录title_240,960_adb_tap          ----
2019-12-20 14:56:53,426  - INFO - ----  test001_登录title_365,1230_adb_tap          ----
2019-12-20 14:56:57,277  - INFO - ----  test001_登录title_com.jm.android.jumei:id/title_           ----
2019-12-20 14:56:57,489  - INFO - ----  test001_登录title_//*[@text='申请借款']_           ----
2019-12-20 14:56:57,565  - INFO - [CheckPoint_1]: testFirstClick_ : OK
