2019-12-13 09:21:40:520 [Appium] Welcome to Appium v1.15.1
2019-12-13 09:21:40:529 [Appium] Non-default server args:
2019-12-13 09:21:40:533 [Appium]   port: 4886
2019-12-13 09:21:40:537 [Appium]   bootstrapPort: 4825
2019-12-13 09:21:40:539 [Appium]   sessionOverride: true
2019-12-13 09:21:40:539 [Appium]   logFile: /Users/vic/work/WORK/Work/Py_script/appium-master/log/appium.log
2019-12-13 09:21:40:540 [Appium]   udid: emulator-5554
2019-12-13 09:21:40:542 [Appium] Deprecated server args:
2019-12-13 09:21:40:543 [Appium]   -U,--udid => --default-capabilities '{"udid":"emulator-5554"}'
2019-12-13 09:21:40:545 [Appium] Default capabilities, which will be added to each request unless overridden by desired capabilities:
2019-12-13 09:21:40:546 [Appium]   udid: emulator-5554
2019-12-13 09:21:40:613 [Appium] Appium REST http interface listener started on 0.0.0.0:4886
2019-12-13 09:21:40:660 [HTTP] --> POST /wd/hub/session
2019-12-13 09:21:40:661 [HTTP] {"capabilities":{"firstMatch":[{"appium:udid":"emulator-5554","appium:app":"/Users/vic/work/WORK/Work/Py_script/appium-master/app/com.jm.android.jumei_8.601_8601.apk","appium:platformVersion":"6.0.1","platformName":"android","appium:automationName":"uiautomator2","appium:deviceName":"emulator-5554","appium:noReset":"False","appium:noSign":"True","appium:unicodeKeyboard":"True","appium:resetKeyboard":"True"}]},"desiredCapabilities":{"udid":"emulator-5554","app":"/Users/vic/work/WORK/Work/Py_script/appium-master/app/com.jm.android.jumei_8.601_8601.apk","platformVersion":"6.0.1","platformName":"android","automationName":"uiautomator2","deviceName":"emulator-5554","noReset":"False","noSign":"True","unicodeKeyboard":"True","resetKeyboard":"True"}}
2019-12-13 09:21:40:664 [W3C] Calling AppiumDriver.createSession() with args: [{"udid":"emulator-5554","app":"/Users/vic/work/WORK/Work/Py_script/appium-master/app/com.jm.android.jumei_8.601_8601.apk","platformVersion":"6.0.1","platformName":"android","automationName":"uiautomator2","deviceName":"emulator-5554","noReset":"False","noSign":"True","unicodeKeyboard":"True","resetKeyboard":"True"},null,{"firstMatch":[{"appium:udid":"emulator-5554","appium:app":"/Users/vic/work/WORK/Work/Py_script/appium-master/app/com.jm.android.jumei_8.601_8601.apk","appium:platformVersion":"6.0.1","platformName":"android","appium:automationName":"uiautomator2","appium:deviceName":"emulator-5554","appium:noReset":"False","appium:noSign":"True","appium:unicodeKeyboard":"True","appium:resetKeyboard":"True"}]}]
2019-12-13 09:21:40:665 [BaseDriver] Event 'newSessionRequested' logged at 1576228900665 (17:21:40 GMT+0800 (China Standard Time))
2019-12-13 09:21:40:674 [Appium] Could not parse W3C capabilities: 'noReset' must be of type boolean
2019-12-13 09:21:40:674 [Appium] Trying to fix W3C capabilities by merging them with JSONWP caps
2019-12-13 09:21:40:676 [BaseDriver] The capabilities ["udid","app","platformVersion","automationName","deviceName","noReset","noSign","unicodeKeyboard","resetKeyboard"] are not standard capabilities and should have an extension prefix
2019-12-13 09:21:40:679 [Appium] Could not parse fixed W3C capabilities: 'noReset' must be of type boolean. Falling back to JSONWP protocol
2019-12-13 09:21:40:988 [Appium] Appium v1.15.1 creating new AndroidUiautomator2Driver (v1.37.2) session
2019-12-13 09:21:40:991 [BaseDriver] Creating session with MJSONWP desired capabilities: {
2019-12-13 09:21:40:992 [BaseDriver]   "udid": "emulator-5554",
2019-12-13 09:21:40:992 [BaseDriver]   "app": "/Users/vic/work/WORK/Work/Py_script/appium-master/app/com.jm.android.jumei_8.601_8601.apk",
2019-12-13 09:21:40:992 [BaseDriver]   "platformVersion": "6.0.1",
2019-12-13 09:21:40:993 [BaseDriver]   "platformName": "android",
2019-12-13 09:21:40:994 [BaseDriver]   "automationName": "uiautomator2",
2019-12-13 09:21:40:995 [BaseDriver]   "deviceName": "emulator-5554",
2019-12-13 09:21:40:996 [BaseDriver]   "noReset": "False",
2019-12-13 09:21:40:996 [BaseDriver]   "noSign": "True",
2019-12-13 09:21:40:996 [BaseDriver]   "unicodeKeyboard": "True",
2019-12-13 09:21:40:997 [BaseDriver]   "resetKeyboard": "True"
2019-12-13 09:21:40:997 [BaseDriver] }
2019-12-13 09:21:40:998 [BaseDriver] Capability 'noReset' changed from string to boolean. This may cause unexpected behavior
2019-12-13 09:21:40:999 [BaseDriver] Capability 'unicodeKeyboard' changed from string to boolean. This may cause unexpected behavior
2019-12-13 09:21:40:999 [BaseDriver] Capability 'resetKeyboard' changed from string to boolean. This may cause unexpected behavior
2019-12-13 09:21:40:999 [BaseDriver] Capability 'noSign' changed from string to boolean. This may cause unexpected behavior
2019-12-13 09:21:41:005 [BaseDriver] Session created with session id: 84096d5b-1ab2-4af1-ae3e-18eadc46dafb
2019-12-13 09:21:41:052 [BaseDriver] Using local app '/Users/vic/work/WORK/Work/Py_script/appium-master/app/com.jm.android.jumei_8.601_8601.apk'
2019-12-13 09:21:41:053 [UiAutomator2] Checking whether app is actually present
2019-12-13 09:21:41:070 [ADB] Found 1 'build-tools' folders under '/Users/vic/work/androidSDK/android-sdk-macosx' (newest first):
2019-12-13 09:21:41:071 [ADB]     /Users/vic/work/androidSDK/android-sdk-macosx/build-tools/28.0.3
2019-12-13 09:21:41:071 [ADB] Using 'adb' from '/Users/vic/work/androidSDK/android-sdk-macosx/platform-tools/adb'
2019-12-13 09:21:41:072 [AndroidDriver] Retrieving device list
2019-12-13 09:21:41:073 [ADB] Trying to find a connected android device
2019-12-13 09:21:41:074 [ADB] Getting connected devices...
2019-12-13 09:21:41:096 [ADB] Connected devices: [{"udid":"emulator-5554","state":"device"}]
2019-12-13 09:21:41:100 [AndroidDriver] Using device: emulator-5554
2019-12-13 09:21:41:101 [ADB] Using 'adb' from '/Users/vic/work/androidSDK/android-sdk-macosx/platform-tools/adb'
2019-12-13 09:21:41:102 [ADB] Setting device id to emulator-5554
2019-12-13 09:21:41:103 [ADB] Running '/Users/vic/work/androidSDK/android-sdk-macosx/platform-tools/adb -P 5037 -s emulator-5554 shell getprop ro.build.version.sdk'
2019-12-13 09:21:41:122 [ADB] Current device property 'ro.build.version.sdk': 23
2019-12-13 09:21:41:123 [ADB] Device API level: 23
2019-12-13 09:21:41:123 [AndroidDriver] Parsing package and activity from app manifest
2019-12-13 09:21:41:126 [ADB] Using the alternative activity name detection method because of: Could not find 'apkanalyzer' in ["/Users/vic/work/androidSDK/android-sdk-macosx/platform-tools/apkanalyzer","/Users/vic/work/androidSDK/android-sdk-macosx/emulator/apkanalyzer","/Users/vic/work/androidSDK/android-sdk-macosx/tools/apkanalyzer","/Users/vic/work/androidSDK/android-sdk-macosx/tools/bin/apkanalyzer","/Users/vic/work/androidSDK/android-sdk-macosx/build-tools/28.0.3/apkanalyzer"]. Do you have Android Build Tools installed at '/Users/vic/work/androidSDK/android-sdk-macosx'?
2019-12-13 09:21:41:131 [ADB] Using 'aapt' from '/Users/vic/work/androidSDK/android-sdk-macosx/build-tools/28.0.3/aapt'
2019-12-13 09:21:41:132 [ADB] Extracting package and launch activity from manifest
2019-12-13 09:21:41:153 [ADB] Package name: 'com.jm.android.jumei'
2019-12-13 09:21:41:154 [ADB] Main activity name: 'com.jm.android.jumei.home.activity.StartActivity'
2019-12-13 09:21:41:154 [AndroidDriver] Parsed package and activity are: com.jm.android.jumei/com.jm.android.jumei.home.activity.StartActivity
2019-12-13 09:21:41:155 [ADB] Running '/Users/vic/work/androidSDK/android-sdk-macosx/platform-tools/adb -P 5037 -s emulator-5554 wait-for-device'
2019-12-13 09:21:41:167 [ADB] Running '/Users/vic/work/androidSDK/android-sdk-macosx/platform-tools/adb -P 5037 -s emulator-5554 shell echo ping'
2019-12-13 09:21:41:190 [AndroidDriver] Pushing settings apk to device...
2019-12-13 09:21:41:197 [ADB] Getting install status for io.appium.settings
2019-12-13 09:21:41:198 [ADB] Running '/Users/vic/work/androidSDK/android-sdk-macosx/platform-tools/adb -P 5037 -s emulator-5554 shell dumpsys package io.appium.settings'
2019-12-13 09:21:41:237 [ADB] 'io.appium.settings' is installed
2019-12-13 09:21:41:238 [ADB] Getting package info for 'io.appium.settings'
2019-12-13 09:21:41:238 [ADB] Running '/Users/vic/work/androidSDK/android-sdk-macosx/platform-tools/adb -P 5037 -s emulator-5554 shell dumpsys package io.appium.settings'
2019-12-13 09:21:41:269 [ADB] Cannot extract apk info using apkanalyzer. Falling back to aapt. Original error: Could not find 'apkanalyzer' in ["/Users/vic/work/androidSDK/android-sdk-macosx/platform-tools/apkanalyzer","/Users/vic/work/androidSDK/android-sdk-macosx/emulator/apkanalyzer","/Users/vic/work/androidSDK/android-sdk-macosx/tools/apkanalyzer","/Users/vic/work/androidSDK/android-sdk-macosx/tools/bin/apkanalyzer","/Users/vic/work/androidSDK/android-sdk-macosx/build-tools/28.0.3/apkanalyzer"]. Do you have Android Build Tools installed at '/Users/vic/work/androidSDK/android-sdk-macosx'?
2019-12-13 09:21:41:283 [ADB] The version name of the installed 'io.appium.settings' is greater or equal to the application version name ('2.14.2' >= '2.14.2')
2019-12-13 09:21:41:284 [ADB] There is no need to install/upgrade '/usr/local/lib/node_modules/appium/node_modules/io.appium.settings/apks/settings_apk-debug.apk'
2019-12-13 09:21:41:284 [ADB] Getting IDs of all 'io.appium.settings' processes
2019-12-13 09:21:41:285 [ADB] Running '/Users/vic/work/androidSDK/android-sdk-macosx/platform-tools/adb -P 5037 -s emulator-5554 shell 'pgrep --help; echo $?''
2019-12-13 09:21:41:315 [ADB] Running '/Users/vic/work/androidSDK/android-sdk-macosx/platform-tools/adb -P 5037 -s emulator-5554 shell pgrep -f io\\.appium\\.settings'
2019-12-13 09:21:41:348 [AndroidDriver] io.appium.settings is already running. There is no need to reset its permissions.
2019-12-13 09:21:41:349 [ADB] Running '/Users/vic/work/androidSDK/android-sdk-macosx/platform-tools/adb -P 5037 -s emulator-5554 shell appops set io.appium.settings android\:mock_location allow'
2019-12-13 09:21:41:863 [Logcat] Starting logcat capture
2019-12-13 09:21:41:902 [AndroidDriver] Enabling Unicode keyboard support
2019-12-13 09:21:41:903 [ADB] Running '/Users/vic/work/androidSDK/android-sdk-macosx/platform-tools/adb -P 5037 -s emulator-5554 shell settings get secure default_input_method'
2019-12-13 09:21:43:075 [AndroidDriver] Unsetting previous IME com.android.adbkeyboard/.AdbIME
2019-12-13 09:21:43:075 [AndroidDriver] Setting IME to 'io.appium.settings/.UnicodeIME'
2019-12-13 09:21:43:075 [ADB] Running '/Users/vic/work/androidSDK/android-sdk-macosx/platform-tools/adb -P 5037 -s emulator-5554 shell ime enable io.appium.settings/.UnicodeIME'
2019-12-13 09:21:43:712 [ADB] Running '/Users/vic/work/androidSDK/android-sdk-macosx/platform-tools/adb -P 5037 -s emulator-5554 shell ime set io.appium.settings/.UnicodeIME'
2019-12-13 09:21:44:528 [ADB] Getting install status for io.appium.uiautomator2.server
2019-12-13 09:21:44:529 [ADB] Running '/Users/vic/work/androidSDK/android-sdk-macosx/platform-tools/adb -P 5037 -s emulator-5554 shell dumpsys package io.appium.uiautomator2.server'
2019-12-13 09:21:44:553 [ADB] 'io.appium.uiautomator2.server' is not installed
2019-12-13 09:21:44:554 [ADB] App '/usr/local/lib/node_modules/appium/node_modules/appium-uiautomator2-server/apks/appium-uiautomator2-server-v4.3.0.apk' is not installed
2019-12-13 09:21:44:554 [UiAutomator2] io.appium.uiautomator2.server installation state: notInstalled
2019-12-13 09:21:44:555 [ADB] Checking app cert for /usr/local/lib/node_modules/appium/node_modules/appium-uiautomator2-server/apks/appium-uiautomator2-server-v4.3.0.apk
2019-12-13 09:21:44:556 [ADB] Using 'apksigner' from '/Users/vic/work/androidSDK/android-sdk-macosx/build-tools/28.0.3/apksigner'
2019-12-13 09:21:44:557 [ADB] Starting '/Users/vic/work/androidSDK/android-sdk-macosx/build-tools/28.0.3/apksigner' with args '["verify","--print-certs","/usr/local/lib/node_modules/appium/node_modules/appium-uiautomator2-server/apks/appium-uiautomator2-server-v4.3.0.apk"]'
2019-12-13 09:21:45:464 [ADB] apksigner stdout: Signer #1 certificate DN: EMAILADDRESS=android@android.com, CN=Android, OU=Android, O=Android, L=Mountain View, ST=California, C=US
2019-12-13 09:21:45:465 [ADB] Signer #1 certificate SHA-256 digest: a40da80a59d170caa950cf15c18c454d47a39b26989d8b640ecd745ba71bf5dc
2019-12-13 09:21:45:465 [ADB] Signer #1 certificate SHA-1 digest: 61ed377e85d386a8dfee6b864bd85b0bfaa5af81
2019-12-13 09:21:45:466 [ADB] Signer #1 certificate MD5 digest: e89b158e4bcf988ebd09eb83f5378e87
2019-12-13 09:21:45:466 [ADB] 
2019-12-13 09:21:45:467 [ADB] '/usr/local/lib/node_modules/appium/node_modules/appium-uiautomator2-server/apks/appium-uiautomator2-server-v4.3.0.apk' is already signed.
2019-12-13 09:21:45:467 [ADB] Getting install status for io.appium.uiautomator2.server.test
2019-12-13 09:21:45:468 [ADB] Running '/Users/vic/work/androidSDK/android-sdk-macosx/platform-tools/adb -P 5037 -s emulator-5554 shell dumpsys package io.appium.uiautomator2.server.test'
2019-12-13 09:21:45:489 [ADB] 'io.appium.uiautomator2.server.test' is not installed
2019-12-13 09:21:45:489 [ADB] Checking app cert for /usr/local/lib/node_modules/appium/node_modules/appium-uiautomator2-server/apks/appium-uiautomator2-server-debug-androidTest.apk
2019-12-13 09:21:45:490 [ADB] Starting '/Users/vic/work/androidSDK/android-sdk-macosx/build-tools/28.0.3/apksigner' with args '["verify","--print-certs","/usr/local/lib/node_modules/appium/node_modules/appium-uiautomator2-server/apks/appium-uiautomator2-server-debug-androidTest.apk"]'
2019-12-13 09:21:46:128 [ADB] apksigner stdout: Signer #1 certificate DN: EMAILADDRESS=android@android.com, CN=Android, OU=Android, O=Android, L=Mountain View, ST=California, C=US
2019-12-13 09:21:46:129 [ADB] Signer #1 certificate SHA-256 digest: a40da80a59d170caa950cf15c18c454d47a39b26989d8b640ecd745ba71bf5dc
2019-12-13 09:21:46:129 [ADB] Signer #1 certificate SHA-1 digest: 61ed377e85d386a8dfee6b864bd85b0bfaa5af81
2019-12-13 09:21:46:129 [ADB] Signer #1 certificate MD5 digest: e89b158e4bcf988ebd09eb83f5378e87
2019-12-13 09:21:46:130 [ADB] 
2019-12-13 09:21:46:130 [ADB] '/usr/local/lib/node_modules/appium/node_modules/appium-uiautomator2-server/apks/appium-uiautomator2-server-debug-androidTest.apk' is already signed.
2019-12-13 09:21:46:131 [UiAutomator2] Server packages are going to be (re)installed
2019-12-13 09:21:46:146 [ADB] Running '/Users/vic/work/androidSDK/android-sdk-macosx/platform-tools/adb -P 5037 -s emulator-5554 shell 'ls -t -1 /data/local/tmp/appium_cache 2>&1 || echo _ERROR_''
2019-12-13 09:21:46:173 [ADB] The current Android API does not support extended ls options. Defaulting to no-options call
2019-12-13 09:21:46:174 [ADB] Running '/Users/vic/work/androidSDK/android-sdk-macosx/platform-tools/adb -P 5037 -s emulator-5554 shell 'ls /data/local/tmp/appium_cache 2>&1 || echo _ERROR_''
2019-12-13 09:21:46:198 [ADB] The count of applications in the cache: 5
2019-12-13 09:21:46:199 [ADB] The application at '/usr/local/lib/node_modules/appium/node_modules/appium-uiautomator2-server/apks/appium-uiautomator2-server-v4.3.0.apk' is already cached to '/data/local/tmp/appium_cache/0cc1725a60a05dbb5d0d09256f2fc6ece7e3b10f.apk'
2019-12-13 09:21:46:202 [ADB] Running '/Users/vic/work/androidSDK/android-sdk-macosx/platform-tools/adb -P 5037 -s emulator-5554 shell pm install -r /data/local/tmp/appium_cache/0cc1725a60a05dbb5d0d09256f2fc6ece7e3b10f.apk'
2019-12-13 09:21:47:132 [ADB] The installation of 'appium-uiautomator2-server-v4.3.0.apk' took 0.930s
2019-12-13 09:21:47:132 [ADB] Install command stdout: pkg: /data/local/tmp/appium_cache/0cc1725a60a05dbb5d0d09256f2fc6ece7e3b10f.apk
2019-12-13 09:21:47:133 [ADB] Success
2019-12-13 09:21:47:137 [ADB] Running '/Users/vic/work/androidSDK/android-sdk-macosx/platform-tools/adb -P 5037 -s emulator-5554 shell 'ls /data/local/tmp/appium_cache 2>&1 || echo _ERROR_''
2019-12-13 09:21:47:254 [ADB] The count of applications in the cache: 5
2019-12-13 09:21:47:254 [ADB] The application at '/usr/local/lib/node_modules/appium/node_modules/appium-uiautomator2-server/apks/appium-uiautomator2-server-debug-androidTest.apk' is already cached to '/data/local/tmp/appium_cache/bb3c9a361048ff6a78cfbff9cbcb177215ea6d8b.apk'
2019-12-13 09:21:47:255 [ADB] Running '/Users/vic/work/androidSDK/android-sdk-macosx/platform-tools/adb -P 5037 -s emulator-5554 shell pm install -r /data/local/tmp/appium_cache/bb3c9a361048ff6a78cfbff9cbcb177215ea6d8b.apk'
2019-12-13 09:21:48:040 [ADB] The installation of 'appium-uiautomator2-server-debug-androidTest.apk' took 0.785s
2019-12-13 09:21:48:041 [ADB] Install command stdout: pkg: /data/local/tmp/appium_cache/bb3c9a361048ff6a78cfbff9cbcb177215ea6d8b.apk
2019-12-13 09:21:48:041 [ADB] Success
2019-12-13 09:21:48:045 [UiAutomator2] Waiting up to 30000ms for services to be available
2019-12-13 09:21:48:047 [ADB] Running '/Users/vic/work/androidSDK/android-sdk-macosx/platform-tools/adb -P 5037 -s emulator-5554 shell pm list instrumentation'
2019-12-13 09:21:48:419 [UiAutomator2] Instrumentation target 'io.appium.uiautomator2.server.test/androidx.test.runner.AndroidJUnitRunner' is available
2019-12-13 09:21:48:420 [UiAutomator2] Forwarding UiAutomator2 Server port 6790 to 8200
2019-12-13 09:21:48:420 [ADB] Forwarding system: 8200 to device: 6790
2019-12-13 09:21:48:421 [ADB] Running '/Users/vic/work/androidSDK/android-sdk-macosx/platform-tools/adb -P 5037 -s emulator-5554 forward tcp\:8200 tcp\:6790'
2019-12-13 09:21:48:433 [ADB] Getting install status for com.jm.android.jumei
2019-12-13 09:21:48:434 [ADB] Running '/Users/vic/work/androidSDK/android-sdk-macosx/platform-tools/adb -P 5037 -s emulator-5554 shell dumpsys package com.jm.android.jumei'
2019-12-13 09:21:48:483 [ADB] 'com.jm.android.jumei' is installed
2019-12-13 09:21:48:483 [ADB] Getting package info for 'com.jm.android.jumei'
2019-12-13 09:21:48:484 [ADB] Running '/Users/vic/work/androidSDK/android-sdk-macosx/platform-tools/adb -P 5037 -s emulator-5554 shell dumpsys package com.jm.android.jumei'
2019-12-13 09:21:48:516 [ADB] Cannot extract apk info using apkanalyzer. Falling back to aapt. Original error: Could not find 'apkanalyzer' in ["/Users/vic/work/androidSDK/android-sdk-macosx/platform-tools/apkanalyzer","/Users/vic/work/androidSDK/android-sdk-macosx/emulator/apkanalyzer","/Users/vic/work/androidSDK/android-sdk-macosx/tools/apkanalyzer","/Users/vic/work/androidSDK/android-sdk-macosx/tools/bin/apkanalyzer","/Users/vic/work/androidSDK/android-sdk-macosx/build-tools/28.0.3/apkanalyzer"]. Do you have Android Build Tools installed at '/Users/vic/work/androidSDK/android-sdk-macosx'?
2019-12-13 09:21:48:532 [ADB] The version name of the installed 'com.jm.android.jumei' is greater or equal to the application version name ('8.601.0' >= '8.601.0')
2019-12-13 09:21:48:533 [ADB] There is no need to install/upgrade '/Users/vic/work/WORK/Work/Py_script/appium-master/app/com.jm.android.jumei_8.601_8601.apk'
2019-12-13 09:21:48:533 [AndroidDriver] Performing fast reset on 'com.jm.android.jumei'
2019-12-13 09:21:48:534 [ADB] Getting install status for com.jm.android.jumei
2019-12-13 09:21:48:534 [ADB] Running '/Users/vic/work/androidSDK/android-sdk-macosx/platform-tools/adb -P 5037 -s emulator-5554 shell dumpsys package com.jm.android.jumei'
2019-12-13 09:21:48:559 [ADB] 'com.jm.android.jumei' is installed
2019-12-13 09:21:48:560 [ADB] Running '/Users/vic/work/androidSDK/android-sdk-macosx/platform-tools/adb -P 5037 -s emulator-5554 shell am force-stop com.jm.android.jumei'
2019-12-13 09:21:49:091 [ADB] Running '/Users/vic/work/androidSDK/android-sdk-macosx/platform-tools/adb -P 5037 -s emulator-5554 shell pm clear com.jm.android.jumei'
2019-12-13 09:21:49:447 [AndroidDriver] Performed fast reset on the installed 'com.jm.android.jumei' application (stop and clear)
2019-12-13 09:21:49:449 [UiAutomator2] Performing shallow cleanup of automation leftovers
2019-12-13 09:21:49:477 [UiAutomator2] No obsolete sessions have been detected (Error: read ECONNRESET)
2019-12-13 09:21:49:478 [ADB] Running '/Users/vic/work/androidSDK/android-sdk-macosx/platform-tools/adb -P 5037 -s emulator-5554 shell am force-stop io.appium.uiautomator2.server.test'
2019-12-13 09:21:49:985 [UiAutomator2] Starting UIAutomator2 server 4.3.0
2019-12-13 09:21:49:986 [UiAutomator2] Using UIAutomator2 server from '/usr/local/lib/node_modules/appium/node_modules/appium-uiautomator2-server/apks/appium-uiautomator2-server-v4.3.0.apk' and test from '/usr/local/lib/node_modules/appium/node_modules/appium-uiautomator2-server/apks/appium-uiautomator2-server-debug-androidTest.apk'
2019-12-13 09:21:49:986 [UiAutomator2] Waiting up to 30000ms for UiAutomator2 to be online...
2019-12-13 09:21:49:987 [ADB] Creating ADB subprocess with args: ["-P",5037,"-s","emulator-5554","shell","am","instrument","-w","io.appium.uiautomator2.server.test/androidx.test.runner.AndroidJUnitRunner"]
2019-12-13 09:21:50:573 [Instrumentation] io.appium.uiautomator2.server.test.AppiumUiAutomator2Server:
2019-12-13 09:21:50:997 [WD Proxy] Matched '/status' to command name 'getStatus'
2019-12-13 09:21:50:999 [WD Proxy] Proxying [GET /status] to [GET http://localhost:8200/wd/hub/status] with no body
2019-12-13 09:21:51:006 [WD Proxy] Got an unexpected response with status undefined: {"errno":"ECONNRESET","code":"ECONNRESET","syscall":"read"}
2019-12-13 09:21:52:014 [WD Proxy] Matched '/status' to command name 'getStatus'
2019-12-13 09:21:52:015 [WD Proxy] Proxying [GET /status] to [GET http://localhost:8200/wd/hub/status] with no body
2019-12-13 09:21:52:076 [WD Proxy] Got response with status 200: {"sessionId":"None","value":{"ready":true,"message":"UiAutomator2 Server is ready to accept commands"}}
2019-12-13 09:21:52:077 [UiAutomator2] The initialization of the instrumentation process took 2091ms
2019-12-13 09:21:52:077 [WD Proxy] Matched '/session' to command name 'createSession'
2019-12-13 09:21:52:078 [WD Proxy] Proxying [POST /session] to [POST http://localhost:8200/wd/hub/session] with body: {"capabilities":{"firstMatch":[{"platform":"LINUX","webStorageEnabled":false,"takesScreenshot":true,"javascriptEnabled":true,"databaseEnabled":false,"networkConnectionEnabled":true,"locationContextEnabled":false,"warnings":{},"desired":{"udid":"emulator-5554","app":"/Users/vic/work/WORK/Work/Py_script/appium-master/app/com.jm.android.jumei_8.601_8601.apk","platformVersion":"6.0.1","platformName":"android","automationName":"uiautomator2","deviceName":"emulator-5554","noReset":false,"noSign":true,"unicodeKeyboard":true,"resetKeyboard":true},"udid":"emulator-5554","app":"/Users/vic/work/WORK/Work/Py_script/appium-master/app/com.jm.android.jumei_8.601_8601.apk","platformVersion":"6.0.1","platformName":"android","automationName":"uiautomator2","deviceName":"emulator-5554","noReset":false,"noSign":true,"unicodeKeyboard":true,"resetKeyboard":true,"deviceUDID":"emulator-5554","appPackage":"com.jm.android.jumei"}],"alwaysMatch":{}}}
2019-12-13 09:21:52:110 [WD Proxy] Got response with status 200: {"sessionId":"b802ae91-72ff-4f1a-8210-c8c0b5924c4b","value":{"sessionId":"b802ae91-72ff-4f1a-8210-c8c0b5924c4b","capabilities":{"firstMatch":[{"platform":"LINUX","webStorageEnabled":false,"takesScreenshot":true,"javascriptEnabled":true,"databaseEnabled":false,"networkConnectionEnabled":true,"locationContextEnabled":false,"warnings":{},"desired":{"udid":"emulator-5554","app":"/Users/vic/work/WORK/Work/Py_script/appium-master/app/com.jm.android.jumei_8.601_8601.apk","platformVersion":"6.0.1","platformName":"android","automationName":"uiautomator2","deviceName":"emulator-5554","noReset":false,"noSign":true,"unicodeKeyboard":true,"resetKeyboard":true},"udid":"emulator-5554","app":"/Users/vic/work/WORK/Work/Py_script/appium-master/app/com.jm.android.jumei_8.601_8601.apk","platformVersion":"6.0.1","platformName":"android","automationName":"uiautomator2","deviceName":"emulator-5554","noReset":false,"noSign":true,"unicodeKeyboard":true,"resetKeyboard":true,"deviceUDID":"emulator-5554","appPackage":"com.jm.android....
2019-12-13 09:21:52:111 [WD Proxy] Determined the downstream protocol as 'W3C'
2019-12-13 09:21:52:122 [WD Proxy] Proxying [GET /appium/device/info] to [GET http://localhost:8200/wd/hub/session/b802ae91-72ff-4f1a-8210-c8c0b5924c4b/appium/device/info] with no body
2019-12-13 09:21:52:142 [WD Proxy] Got response with status 200: {"sessionId":"b802ae91-72ff-4f1a-8210-c8c0b5924c4b","value":{"androidId":"1d7b0f2325e16c7c","manufacturer":"samsung","model":"Galaxy S8+","brand":"samsung","apiVersion":"23","platformVersion":"6.0.1","carrierName":"","realDisplaySize":"720x1280","displayDensity":320,"networks":[{"type":1,"typeName":"WIFI","subtype":0,"subtypeName":"","isConnected":true,"detailedState":"CONNECTED","state":"CONNECTED","extraInfo":"\"mlGjLOv84lj\"","isAvailable":true,"isFailover":false,"isRoaming":false,"capabilities":{"transportTypes":"NET_CAPABILITY_SUPL","networkCapabilities":"","linkUpstreamBandwidthKbps":1048576,"linkDownBandwidthKbps":1048576,"signalStrength":-55,"networkSpecifier":null,"SSID":null}}],"locale":"zh_CN","timeZone":"Asia\/Shanghai"}}
2019-12-13 09:21:52:143 [ADB] Running '/Users/vic/work/androidSDK/android-sdk-macosx/platform-tools/adb -P 5037 -s emulator-5554 shell dumpsys window'
2019-12-13 09:21:52:170 [AndroidDriver] Screen already unlocked, doing nothing
2019-12-13 09:21:52:170 [UiAutomator2] Starting 'com.jm.android.jumei/com.jm.android.jumei.home.activity.StartActivity and waiting for 'com.jm.android.jumei/com.jm.android.jumei.home.activity.StartActivity'
2019-12-13 09:21:52:172 [ADB] Running '/Users/vic/work/androidSDK/android-sdk-macosx/platform-tools/adb -P 5037 -s emulator-5554 shell am start -W -n com.jm.android.jumei/com.jm.android.jumei.home.activity.StartActivity -S -a android.intent.action.MAIN -c android.intent.category.LAUNCHER -f 0x10200000'
2019-12-13 09:21:56:309 [ADB] Waiting up to 20000ms for activity matching pkg: 'com.jm.android.jumei' and activity: 'com.jm.android.jumei.home.activity.StartActivity' to be focused
2019-12-13 09:21:56:309 [ADB] Possible activities, to be checked: 'com.jm.android.jumei.home.activity.StartActivity', 'com.jm.android.jumei.com.jm.android.jumei.home.activity.StartActivity'
2019-12-13 09:21:56:311 [ADB] Getting focused package and activity
2019-12-13 09:21:56:312 [ADB] Running '/Users/vic/work/androidSDK/android-sdk-macosx/platform-tools/adb -P 5037 -s emulator-5554 shell dumpsys window windows'
2019-12-13 09:21:56:391 [ADB] Found package: 'com.jm.android.jumei' and fully qualified activity name : 'com.jm.android.jumei.home.activity.StartActivity'
2019-12-13 09:21:56:395 [WD Proxy] Proxying [GET /appium/device/pixel_ratio] to [GET http://localhost:8200/wd/hub/session/b802ae91-72ff-4f1a-8210-c8c0b5924c4b/appium/device/pixel_ratio] with body: {}
2019-12-13 09:21:56:410 [WD Proxy] Got response with status 200: {"sessionId":"b802ae91-72ff-4f1a-8210-c8c0b5924c4b","value":2}
2019-12-13 09:21:56:412 [WD Proxy] Matched '/appium/device/system_bars' to command name 'getSystemBars'
2019-12-13 09:21:56:413 [WD Proxy] Proxying [GET /appium/device/system_bars] to [GET http://localhost:8200/wd/hub/session/b802ae91-72ff-4f1a-8210-c8c0b5924c4b/appium/device/system_bars] with body: {}
2019-12-13 09:21:56:435 [WD Proxy] Got response with status 200: {"sessionId":"b802ae91-72ff-4f1a-8210-c8c0b5924c4b","value":{"statusBar":48}}
2019-12-13 09:21:56:436 [WD Proxy] Matched '/window/current/size' to command name 'getWindowSize'
2019-12-13 09:21:56:437 [WD Proxy] Proxying [GET /window/current/size] to [GET http://localhost:8200/wd/hub/session/b802ae91-72ff-4f1a-8210-c8c0b5924c4b/window/current/size] with body: {}
2019-12-13 09:21:56:449 [WD Proxy] Got response with status 200: {"sessionId":"b802ae91-72ff-4f1a-8210-c8c0b5924c4b","value":{"height":1280,"width":720}}
2019-12-13 09:21:56:450 [Appium] New AndroidUiautomator2Driver session created successfully, session 84096d5b-1ab2-4af1-ae3e-18eadc46dafb added to master session list
2019-12-13 09:21:56:451 [BaseDriver] Event 'newSessionStarted' logged at 1576228916450 (17:21:56 GMT+0800 (China Standard Time))
2019-12-13 09:21:56:452 [MJSONWP (84096d5b)] Cached the protocol value 'MJSONWP' for the new session 84096d5b-1ab2-4af1-ae3e-18eadc46dafb
2019-12-13 09:21:56:453 [MJSONWP (84096d5b)] Responding to client with driver.createSession() result: {"platform":"LINUX","webStorageEnabled":false,"takesScreenshot":true,"javascriptEnabled":true,"databaseEnabled":false,"networkConnectionEnabled":true,"locationContextEnabled":false,"warnings":{},"desired":{"udid":"emulator-5554","app":"/Users/vic/work/WORK/Work/Py_script/appium-master/app/com.jm.android.jumei_8.601_8601.apk","platformVersion":"6.0.1","platformName":"android","automationName":"uiautomator2","deviceName":"emulator-5554","noReset":false,"noSign":true,"unicodeKeyboard":true,"resetKeyboard":true},"udid":"emulator-5554","app":"/Users/vic/work/WORK/Work/Py_script/appium-master/app/com.jm.android.jumei_8.601_8601.apk","platformVersion":"6.0.1","platformName":"android","automationName":"uiautomator2","deviceName":"emulator-5554","noReset":false,"noSign":true,"unicodeKeyboard":true,"resetKeyboard":true,"deviceUDID":"emulator-5554","appPackage":"com.jm.android.jumei","deviceApiLevel":23,"deviceScreenSize":"720x1280","deviceScreenDensity":320,"deviceModel":"Galaxy S8+","deviceManufacturer":"samsung","...
2019-12-13 09:21:56:457 [HTTP] <-- POST /wd/hub/session 200 15798 ms - 1187
2019-12-13 09:21:56:457 [HTTP] 
2019-12-13 09:21:56:522 [HTTP] --> POST /wd/hub/session/84096d5b-1ab2-4af1-ae3e-18eadc46dafb/appium/app/launch
2019-12-13 09:21:56:522 [HTTP] {"sessionId":"84096d5b-1ab2-4af1-ae3e-18eadc46dafb"}
2019-12-13 09:21:56:535 [MJSONWP (84096d5b)] Calling AppiumDriver.launchApp() with args: ["84096d5b-1ab2-4af1-ae3e-18eadc46dafb"]
2019-12-13 09:21:56:579 [ADB] Getting install status for com.jm.android.jumei
2019-12-13 09:21:56:580 [ADB] Running '/Users/vic/work/androidSDK/android-sdk-macosx/platform-tools/adb -P 5037 -s emulator-5554 shell dumpsys package com.jm.android.jumei'
2019-12-13 09:21:56:655 [ADB] 'com.jm.android.jumei' is installed
2019-12-13 09:21:56:655 [ADB] Getting package info for 'com.jm.android.jumei'
2019-12-13 09:21:56:656 [ADB] Running '/Users/vic/work/androidSDK/android-sdk-macosx/platform-tools/adb -P 5037 -s emulator-5554 shell dumpsys package com.jm.android.jumei'
2019-12-13 09:21:56:703 [ADB] Cannot extract apk info using apkanalyzer. Falling back to aapt. Original error: Could not find 'apkanalyzer' in ["/Users/vic/work/androidSDK/android-sdk-macosx/platform-tools/apkanalyzer","/Users/vic/work/androidSDK/android-sdk-macosx/emulator/apkanalyzer","/Users/vic/work/androidSDK/android-sdk-macosx/tools/apkanalyzer","/Users/vic/work/androidSDK/android-sdk-macosx/tools/bin/apkanalyzer","/Users/vic/work/androidSDK/android-sdk-macosx/build-tools/28.0.3/apkanalyzer"]. Do you have Android Build Tools installed at '/Users/vic/work/androidSDK/android-sdk-macosx'?
2019-12-13 09:21:56:730 [ADB] The version name of the installed 'com.jm.android.jumei' is greater or equal to the application version name ('8.601.0' >= '8.601.0')
2019-12-13 09:21:56:731 [ADB] There is no need to install/upgrade '/Users/vic/work/WORK/Work/Py_script/appium-master/app/com.jm.android.jumei_8.601_8601.apk'
2019-12-13 09:21:56:731 [AndroidDriver] Performing fast reset on 'com.jm.android.jumei'
2019-12-13 09:21:56:732 [ADB] Getting install status for com.jm.android.jumei
2019-12-13 09:21:56:732 [ADB] Running '/Users/vic/work/androidSDK/android-sdk-macosx/platform-tools/adb -P 5037 -s emulator-5554 shell dumpsys package com.jm.android.jumei'
2019-12-13 09:21:56:877 [ADB] 'com.jm.android.jumei' is installed
2019-12-13 09:21:56:878 [ADB] Running '/Users/vic/work/androidSDK/android-sdk-macosx/platform-tools/adb -P 5037 -s emulator-5554 shell am force-stop com.jm.android.jumei'
2019-12-13 09:21:58:055 [ADB] Running '/Users/vic/work/androidSDK/android-sdk-macosx/platform-tools/adb -P 5037 -s emulator-5554 shell pm clear com.jm.android.jumei'
2019-12-13 09:21:58:412 [AndroidDriver] Performed fast reset on the installed 'com.jm.android.jumei' application (stop and clear)
2019-12-13 09:21:58:413 [ADB] Running '/Users/vic/work/androidSDK/android-sdk-macosx/platform-tools/adb -P 5037 -s emulator-5554 shell am start -W -n com.jm.android.jumei/com.jm.android.jumei.home.activity.StartActivity -S -a android.intent.action.MAIN -c android.intent.category.LAUNCHER -f 0x10200000'
2019-12-13 09:22:03:461 [ADB] Waiting up to 20000ms for activity matching pkg: 'com.jm.android.jumei' and activity: 'com.jm.android.jumei.home.activity.StartActivity' to be focused
2019-12-13 09:22:03:462 [ADB] Possible activities, to be checked: 'com.jm.android.jumei.home.activity.StartActivity', 'com.jm.android.jumei.com.jm.android.jumei.home.activity.StartActivity'
2019-12-13 09:22:03:462 [ADB] Getting focused package and activity
2019-12-13 09:22:03:463 [ADB] Running '/Users/vic/work/androidSDK/android-sdk-macosx/platform-tools/adb -P 5037 -s emulator-5554 shell dumpsys window windows'
2019-12-13 09:22:03:587 [ADB] Found package: 'com.jm.android.jumei' and fully qualified activity name : 'com.jm.android.jumei.home.activity.StartActivity'
2019-12-13 09:22:03:588 [MJSONWP (84096d5b)] Responding to client with driver.launchApp() result: null
2019-12-13 09:22:03:590 [HTTP] <-- POST /wd/hub/session/84096d5b-1ab2-4af1-ae3e-18eadc46dafb/appium/app/launch 200 7067 ms - 76
2019-12-13 09:22:03:590 [HTTP] 
2019-12-13 09:22:03:593 [HTTP] --> POST /wd/hub/session/84096d5b-1ab2-4af1-ae3e-18eadc46dafb/element
2019-12-13 09:22:03:593 [HTTP] {"using":"id","value":"com.jm.android.jumei:id/commit","sessionId":"84096d5b-1ab2-4af1-ae3e-18eadc46dafb"}
2019-12-13 09:22:03:596 [MJSONWP (84096d5b)] Calling AppiumDriver.findElement() with args: ["id","com.jm.android.jumei:id/commit","84096d5b-1ab2-4af1-ae3e-18eadc46dafb"]
2019-12-13 09:22:03:598 [BaseDriver] Valid locator strategies for this request: xpath, id, class name, accessibility id, -android uiautomator
2019-12-13 09:22:03:599 [BaseDriver] Waiting up to 0 ms for condition
2019-12-13 09:22:03:600 [WD Proxy] Matched '/element' to command name 'findElement'
2019-12-13 09:22:03:600 [WD Proxy] Proxying [POST /element] to [POST http://localhost:8200/wd/hub/session/b802ae91-72ff-4f1a-8210-c8c0b5924c4b/element] with body: {"strategy":"id","selector":"com.jm.android.jumei:id/commit","context":"","multiple":false}
2019-12-13 09:22:03:701 [WD Proxy] Got response with status 200: {"sessionId":"b802ae91-72ff-4f1a-8210-c8c0b5924c4b","value":{"ELEMENT":"939a3dd0-7b4d-4afd-b022-283c9ee74689","element-6066-11e4-a52e-4f735466cecf":"939a3dd0-7b4d-4afd-b022-283c9ee74689"}}
2019-12-13 09:22:03:703 [MJSONWP (84096d5b)] Responding to client with driver.findElement() result: {"element-6066-11e4-a52e-4f735466cecf":"939a3dd0-7b4d-4afd-b022-283c9ee74689","ELEMENT":"939a3dd0-7b4d-4afd-b022-283c9ee74689"}
2019-12-13 09:22:03:704 [HTTP] <-- POST /wd/hub/session/84096d5b-1ab2-4af1-ae3e-18eadc46dafb/element 200 111 ms - 199
2019-12-13 09:22:03:704 [HTTP] 
2019-12-13 09:22:03:707 [HTTP] --> POST /wd/hub/session/84096d5b-1ab2-4af1-ae3e-18eadc46dafb/element
2019-12-13 09:22:03:708 [HTTP] {"using":"id","value":"com.jm.android.jumei:id/commit","sessionId":"84096d5b-1ab2-4af1-ae3e-18eadc46dafb"}
2019-12-13 09:22:03:709 [MJSONWP (84096d5b)] Calling AppiumDriver.findElement() with args: ["id","com.jm.android.jumei:id/commit","84096d5b-1ab2-4af1-ae3e-18eadc46dafb"]
2019-12-13 09:22:03:711 [BaseDriver] Valid locator strategies for this request: xpath, id, class name, accessibility id, -android uiautomator
2019-12-13 09:22:03:711 [BaseDriver] Waiting up to 0 ms for condition
2019-12-13 09:22:03:712 [WD Proxy] Matched '/element' to command name 'findElement'
2019-12-13 09:22:03:712 [WD Proxy] Proxying [POST /element] to [POST http://localhost:8200/wd/hub/session/b802ae91-72ff-4f1a-8210-c8c0b5924c4b/element] with body: {"strategy":"id","selector":"com.jm.android.jumei:id/commit","context":"","multiple":false}
2019-12-13 09:22:03:742 [WD Proxy] Got response with status 200: {"sessionId":"b802ae91-72ff-4f1a-8210-c8c0b5924c4b","value":{"ELEMENT":"63963227-8051-4cbe-aee3-2fa51abf05a9","element-6066-11e4-a52e-4f735466cecf":"63963227-8051-4cbe-aee3-2fa51abf05a9"}}
2019-12-13 09:22:03:743 [MJSONWP (84096d5b)] Responding to client with driver.findElement() result: {"element-6066-11e4-a52e-4f735466cecf":"63963227-8051-4cbe-aee3-2fa51abf05a9","ELEMENT":"63963227-8051-4cbe-aee3-2fa51abf05a9"}
2019-12-13 09:22:03:744 [HTTP] <-- POST /wd/hub/session/84096d5b-1ab2-4af1-ae3e-18eadc46dafb/element 200 36 ms - 199
2019-12-13 09:22:03:745 [HTTP] 
2019-12-13 09:22:03:746 [HTTP] --> POST /wd/hub/session/84096d5b-1ab2-4af1-ae3e-18eadc46dafb/element/63963227-8051-4cbe-aee3-2fa51abf05a9/click
2019-12-13 09:22:03:746 [HTTP] {"id":"63963227-8051-4cbe-aee3-2fa51abf05a9","sessionId":"84096d5b-1ab2-4af1-ae3e-18eadc46dafb"}
2019-12-13 09:22:03:747 [MJSONWP (84096d5b)] Calling AppiumDriver.click() with args: ["63963227-8051-4cbe-aee3-2fa51abf05a9","84096d5b-1ab2-4af1-ae3e-18eadc46dafb"]
2019-12-13 09:22:03:750 [WD Proxy] Matched '/element/63963227-8051-4cbe-aee3-2fa51abf05a9/click' to command name 'click'
2019-12-13 09:22:03:750 [WD Proxy] Proxying [POST /element/63963227-8051-4cbe-aee3-2fa51abf05a9/click] to [POST http://localhost:8200/wd/hub/session/b802ae91-72ff-4f1a-8210-c8c0b5924c4b/element/63963227-8051-4cbe-aee3-2fa51abf05a9/click] with body: {"element":"63963227-8051-4cbe-aee3-2fa51abf05a9"}
2019-12-13 09:22:03:779 [WD Proxy] Got response with status 200: {"sessionId":"b802ae91-72ff-4f1a-8210-c8c0b5924c4b","value":null}
2019-12-13 09:22:03:780 [MJSONWP (84096d5b)] Responding to client with driver.click() result: null
2019-12-13 09:22:03:781 [HTTP] <-- POST /wd/hub/session/84096d5b-1ab2-4af1-ae3e-18eadc46dafb/element/63963227-8051-4cbe-aee3-2fa51abf05a9/click 200 35 ms - 76
2019-12-13 09:22:03:781 [HTTP] 
2019-12-13 09:22:03:783 [HTTP] --> POST /wd/hub/session/84096d5b-1ab2-4af1-ae3e-18eadc46dafb/element
2019-12-13 09:22:03:784 [HTTP] {"using":"id","value":"com.android.packageinstaller:id/permission_allow_button","sessionId":"84096d5b-1ab2-4af1-ae3e-18eadc46dafb"}
2019-12-13 09:22:03:785 [MJSONWP (84096d5b)] Calling AppiumDriver.findElement() with args: ["id","com.android.packageinstaller:id/permission_allow_button","84096d5b-1ab2-4af1-ae3e-18eadc46dafb"]
2019-12-13 09:22:03:787 [BaseDriver] Valid locator strategies for this request: xpath, id, class name, accessibility id, -android uiautomator
2019-12-13 09:22:03:787 [BaseDriver] Waiting up to 0 ms for condition
2019-12-13 09:22:03:788 [WD Proxy] Matched '/element' to command name 'findElement'
2019-12-13 09:22:03:788 [WD Proxy] Proxying [POST /element] to [POST http://localhost:8200/wd/hub/session/b802ae91-72ff-4f1a-8210-c8c0b5924c4b/element] with body: {"strategy":"id","selector":"com.android.packageinstaller:id/permission_allow_button","context":"","multiple":false}
2019-12-13 09:22:04:284 [WD Proxy] Got an unexpected response with status 404: {"sessionId":"b802ae91-72ff-4f1a-8210-c8c0b5924c4b","value":{"error":"no such element","message":"An element could not be located on the page using the given search parameters","stacktrace":"io.appium.uiautomator2.common.exceptions.ElementNotFoundException: An element could not be located on the page using the given search parameters\n\tat io.appium.uiautomator2.handler.FindElement.safeHandle(FindElement.java:78)\n\tat io.appium.uiautomator2.handler.request.SafeRequestHandler.handle(SafeRequestHandler.java:38)\n\tat io.appium.uiautomator2.server.AppiumServlet.handleRequest(AppiumServlet.java:252)\n\tat io.appium.uiautomator2.server.AppiumServlet.handleHttpRequest(AppiumServlet.java:242)\n\tat io.appium.uiautomator2.http.ServerHandler.channelRead(ServerHandler.java:44)\n\tat io.netty.channel.AbstractChannelHandlerContext.invokeChannelRead(AbstractChannelHandlerContext.java:366)\n\tat io.netty.channel.AbstractChannelHandlerContext.invokeChannelRead(AbstractChannelHandlerContext.java:352)\n\tat io.netty.chann...
2019-12-13 09:22:04:284 [W3C] Matched W3C error code 'no such element' to NoSuchElementError
2019-12-13 09:22:04:288 [MJSONWP (84096d5b)] Encountered internal error running command: NoSuchElementError: An element could not be located on the page using the given search parameters.
2019-12-13 09:22:04:288 [MJSONWP (84096d5b)]     at AndroidUiautomator2Driver.findElOrEls (/usr/local/lib/node_modules/appium/node_modules/appium-android-driver/lib/commands/find.js:75:11)
2019-12-13 09:22:04:293 [HTTP] <-- POST /wd/hub/session/84096d5b-1ab2-4af1-ae3e-18eadc46dafb/element 500 509 ms - 164
2019-12-13 09:22:04:293 [HTTP] 
2019-12-13 09:22:04:798 [HTTP] --> POST /wd/hub/session/84096d5b-1ab2-4af1-ae3e-18eadc46dafb/element
2019-12-13 09:22:04:799 [HTTP] {"using":"id","value":"com.android.packageinstaller:id/permission_allow_button","sessionId":"84096d5b-1ab2-4af1-ae3e-18eadc46dafb"}
2019-12-13 09:22:04:800 [MJSONWP (84096d5b)] Calling AppiumDriver.findElement() with args: ["id","com.android.packageinstaller:id/permission_allow_button","84096d5b-1ab2-4af1-ae3e-18eadc46dafb"]
2019-12-13 09:22:04:801 [BaseDriver] Valid locator strategies for this request: xpath, id, class name, accessibility id, -android uiautomator
2019-12-13 09:22:04:802 [BaseDriver] Waiting up to 0 ms for condition
2019-12-13 09:22:04:802 [WD Proxy] Matched '/element' to command name 'findElement'
2019-12-13 09:22:04:803 [WD Proxy] Proxying [POST /element] to [POST http://localhost:8200/wd/hub/session/b802ae91-72ff-4f1a-8210-c8c0b5924c4b/element] with body: {"strategy":"id","selector":"com.android.packageinstaller:id/permission_allow_button","context":"","multiple":false}
2019-12-13 09:22:05:233 [WD Proxy] Got response with status 200: {"sessionId":"b802ae91-72ff-4f1a-8210-c8c0b5924c4b","value":{"ELEMENT":"747e29fe-1f78-49b5-bd7f-a5a5a4809ab2","element-6066-11e4-a52e-4f735466cecf":"747e29fe-1f78-49b5-bd7f-a5a5a4809ab2"}}
2019-12-13 09:22:05:234 [MJSONWP (84096d5b)] Responding to client with driver.findElement() result: {"element-6066-11e4-a52e-4f735466cecf":"747e29fe-1f78-49b5-bd7f-a5a5a4809ab2","ELEMENT":"747e29fe-1f78-49b5-bd7f-a5a5a4809ab2"}
2019-12-13 09:22:05:235 [HTTP] <-- POST /wd/hub/session/84096d5b-1ab2-4af1-ae3e-18eadc46dafb/element 200 436 ms - 199
2019-12-13 09:22:05:235 [HTTP] 
2019-12-13 09:22:05:239 [HTTP] --> POST /wd/hub/session/84096d5b-1ab2-4af1-ae3e-18eadc46dafb/element
2019-12-13 09:22:05:239 [HTTP] {"using":"id","value":"com.android.packageinstaller:id/permission_allow_button","sessionId":"84096d5b-1ab2-4af1-ae3e-18eadc46dafb"}
2019-12-13 09:22:05:241 [MJSONWP (84096d5b)] Calling AppiumDriver.findElement() with args: ["id","com.android.packageinstaller:id/permission_allow_button","84096d5b-1ab2-4af1-ae3e-18eadc46dafb"]
2019-12-13 09:22:05:242 [BaseDriver] Valid locator strategies for this request: xpath, id, class name, accessibility id, -android uiautomator
2019-12-13 09:22:05:243 [BaseDriver] Waiting up to 0 ms for condition
2019-12-13 09:22:05:243 [WD Proxy] Matched '/element' to command name 'findElement'
2019-12-13 09:22:05:244 [WD Proxy] Proxying [POST /element] to [POST http://localhost:8200/wd/hub/session/b802ae91-72ff-4f1a-8210-c8c0b5924c4b/element] with body: {"strategy":"id","selector":"com.android.packageinstaller:id/permission_allow_button","context":"","multiple":false}
2019-12-13 09:22:05:261 [WD Proxy] Got response with status 200: {"sessionId":"b802ae91-72ff-4f1a-8210-c8c0b5924c4b","value":{"ELEMENT":"ad26ecd5-239b-4a07-b00c-d6fb005fcdd9","element-6066-11e4-a52e-4f735466cecf":"ad26ecd5-239b-4a07-b00c-d6fb005fcdd9"}}
2019-12-13 09:22:05:262 [MJSONWP (84096d5b)] Responding to client with driver.findElement() result: {"element-6066-11e4-a52e-4f735466cecf":"ad26ecd5-239b-4a07-b00c-d6fb005fcdd9","ELEMENT":"ad26ecd5-239b-4a07-b00c-d6fb005fcdd9"}
2019-12-13 09:22:05:264 [HTTP] <-- POST /wd/hub/session/84096d5b-1ab2-4af1-ae3e-18eadc46dafb/element 200 25 ms - 199
2019-12-13 09:22:05:264 [HTTP] 
2019-12-13 09:22:05:268 [HTTP] --> POST /wd/hub/session/84096d5b-1ab2-4af1-ae3e-18eadc46dafb/element/ad26ecd5-239b-4a07-b00c-d6fb005fcdd9/click
2019-12-13 09:22:05:268 [HTTP] {"id":"ad26ecd5-239b-4a07-b00c-d6fb005fcdd9","sessionId":"84096d5b-1ab2-4af1-ae3e-18eadc46dafb"}
2019-12-13 09:22:05:269 [MJSONWP (84096d5b)] Calling AppiumDriver.click() with args: ["ad26ecd5-239b-4a07-b00c-d6fb005fcdd9","84096d5b-1ab2-4af1-ae3e-18eadc46dafb"]
2019-12-13 09:22:05:271 [WD Proxy] Matched '/element/ad26ecd5-239b-4a07-b00c-d6fb005fcdd9/click' to command name 'click'
2019-12-13 09:22:05:272 [WD Proxy] Proxying [POST /element/ad26ecd5-239b-4a07-b00c-d6fb005fcdd9/click] to [POST http://localhost:8200/wd/hub/session/b802ae91-72ff-4f1a-8210-c8c0b5924c4b/element/ad26ecd5-239b-4a07-b00c-d6fb005fcdd9/click] with body: {"element":"ad26ecd5-239b-4a07-b00c-d6fb005fcdd9"}
2019-12-13 09:22:05:300 [WD Proxy] Got response with status 200: {"sessionId":"b802ae91-72ff-4f1a-8210-c8c0b5924c4b","value":null}
2019-12-13 09:22:05:301 [MJSONWP (84096d5b)] Responding to client with driver.click() result: null
2019-12-13 09:22:05:302 [HTTP] <-- POST /wd/hub/session/84096d5b-1ab2-4af1-ae3e-18eadc46dafb/element/ad26ecd5-239b-4a07-b00c-d6fb005fcdd9/click 200 34 ms - 76
2019-12-13 09:22:05:303 [HTTP] 
2019-12-13 09:22:05:305 [HTTP] --> POST /wd/hub/session/84096d5b-1ab2-4af1-ae3e-18eadc46dafb/element
2019-12-13 09:22:05:305 [HTTP] {"using":"id","value":"com.android.packageinstaller:id/permission_allow_button","sessionId":"84096d5b-1ab2-4af1-ae3e-18eadc46dafb"}
2019-12-13 09:22:05:306 [MJSONWP (84096d5b)] Calling AppiumDriver.findElement() with args: ["id","com.android.packageinstaller:id/permission_allow_button","84096d5b-1ab2-4af1-ae3e-18eadc46dafb"]
2019-12-13 09:22:05:308 [BaseDriver] Valid locator strategies for this request: xpath, id, class name, accessibility id, -android uiautomator
2019-12-13 09:22:05:308 [BaseDriver] Waiting up to 0 ms for condition
2019-12-13 09:22:05:309 [WD Proxy] Matched '/element' to command name 'findElement'
2019-12-13 09:22:05:310 [WD Proxy] Proxying [POST /element] to [POST http://localhost:8200/wd/hub/session/b802ae91-72ff-4f1a-8210-c8c0b5924c4b/element] with body: {"strategy":"id","selector":"com.android.packageinstaller:id/permission_allow_button","context":"","multiple":false}
2019-12-13 09:22:05:897 [WD Proxy] Got response with status 200: {"sessionId":"b802ae91-72ff-4f1a-8210-c8c0b5924c4b","value":{"ELEMENT":"2e7b4b08-babd-491c-a459-57d0e1f368d4","element-6066-11e4-a52e-4f735466cecf":"2e7b4b08-babd-491c-a459-57d0e1f368d4"}}
2019-12-13 09:22:05:898 [MJSONWP (84096d5b)] Responding to client with driver.findElement() result: {"element-6066-11e4-a52e-4f735466cecf":"2e7b4b08-babd-491c-a459-57d0e1f368d4","ELEMENT":"2e7b4b08-babd-491c-a459-57d0e1f368d4"}
2019-12-13 09:22:05:900 [HTTP] <-- POST /wd/hub/session/84096d5b-1ab2-4af1-ae3e-18eadc46dafb/element 200 594 ms - 199
2019-12-13 09:22:05:900 [HTTP] 
2019-12-13 09:22:05:903 [HTTP] --> POST /wd/hub/session/84096d5b-1ab2-4af1-ae3e-18eadc46dafb/element
2019-12-13 09:22:05:903 [HTTP] {"using":"id","value":"com.android.packageinstaller:id/permission_allow_button","sessionId":"84096d5b-1ab2-4af1-ae3e-18eadc46dafb"}
2019-12-13 09:22:05:904 [MJSONWP (84096d5b)] Calling AppiumDriver.findElement() with args: ["id","com.android.packageinstaller:id/permission_allow_button","84096d5b-1ab2-4af1-ae3e-18eadc46dafb"]
2019-12-13 09:22:05:905 [BaseDriver] Valid locator strategies for this request: xpath, id, class name, accessibility id, -android uiautomator
2019-12-13 09:22:05:906 [BaseDriver] Waiting up to 0 ms for condition
2019-12-13 09:22:05:906 [WD Proxy] Matched '/element' to command name 'findElement'
2019-12-13 09:22:05:907 [WD Proxy] Proxying [POST /element] to [POST http://localhost:8200/wd/hub/session/b802ae91-72ff-4f1a-8210-c8c0b5924c4b/element] with body: {"strategy":"id","selector":"com.android.packageinstaller:id/permission_allow_button","context":"","multiple":false}
2019-12-13 09:22:07:168 [WD Proxy] Got response with status 200: {"sessionId":"b802ae91-72ff-4f1a-8210-c8c0b5924c4b","value":{"ELEMENT":"b897b113-d3d7-4cc4-a3bf-a5487a436fda","element-6066-11e4-a52e-4f735466cecf":"b897b113-d3d7-4cc4-a3bf-a5487a436fda"}}
2019-12-13 09:22:07:169 [MJSONWP (84096d5b)] Responding to client with driver.findElement() result: {"element-6066-11e4-a52e-4f735466cecf":"b897b113-d3d7-4cc4-a3bf-a5487a436fda","ELEMENT":"b897b113-d3d7-4cc4-a3bf-a5487a436fda"}
2019-12-13 09:22:07:170 [HTTP] <-- POST /wd/hub/session/84096d5b-1ab2-4af1-ae3e-18eadc46dafb/element 200 1267 ms - 199
2019-12-13 09:22:07:170 [HTTP] 
2019-12-13 09:22:07:171 [HTTP] --> POST /wd/hub/session/84096d5b-1ab2-4af1-ae3e-18eadc46dafb/element/b897b113-d3d7-4cc4-a3bf-a5487a436fda/click
2019-12-13 09:22:07:171 [HTTP] {"id":"b897b113-d3d7-4cc4-a3bf-a5487a436fda","sessionId":"84096d5b-1ab2-4af1-ae3e-18eadc46dafb"}
2019-12-13 09:22:07:172 [MJSONWP (84096d5b)] Calling AppiumDriver.click() with args: ["b897b113-d3d7-4cc4-a3bf-a5487a436fda","84096d5b-1ab2-4af1-ae3e-18eadc46dafb"]
2019-12-13 09:22:07:174 [WD Proxy] Matched '/element/b897b113-d3d7-4cc4-a3bf-a5487a436fda/click' to command name 'click'
2019-12-13 09:22:07:175 [WD Proxy] Proxying [POST /element/b897b113-d3d7-4cc4-a3bf-a5487a436fda/click] to [POST http://localhost:8200/wd/hub/session/b802ae91-72ff-4f1a-8210-c8c0b5924c4b/element/b897b113-d3d7-4cc4-a3bf-a5487a436fda/click] with body: {"element":"b897b113-d3d7-4cc4-a3bf-a5487a436fda"}
2019-12-13 09:22:07:189 [WD Proxy] Got response with status 200: {"sessionId":"b802ae91-72ff-4f1a-8210-c8c0b5924c4b","value":null}
2019-12-13 09:22:07:190 [MJSONWP (84096d5b)] Responding to client with driver.click() result: null
2019-12-13 09:22:07:191 [HTTP] <-- POST /wd/hub/session/84096d5b-1ab2-4af1-ae3e-18eadc46dafb/element/b897b113-d3d7-4cc4-a3bf-a5487a436fda/click 200 19 ms - 76
2019-12-13 09:22:07:191 [HTTP] 
2019-12-13 09:22:07:192 [HTTP] --> POST /wd/hub/session/84096d5b-1ab2-4af1-ae3e-18eadc46dafb/element
2019-12-13 09:22:07:193 [HTTP] {"using":"id","value":"com.jm.android.jumei:id/ftb_mine","sessionId":"84096d5b-1ab2-4af1-ae3e-18eadc46dafb"}
2019-12-13 09:22:07:193 [MJSONWP (84096d5b)] Calling AppiumDriver.findElement() with args: ["id","com.jm.android.jumei:id/ftb_mine","84096d5b-1ab2-4af1-ae3e-18eadc46dafb"]
2019-12-13 09:22:07:195 [BaseDriver] Valid locator strategies for this request: xpath, id, class name, accessibility id, -android uiautomator
2019-12-13 09:22:07:195 [BaseDriver] Waiting up to 0 ms for condition
2019-12-13 09:22:07:195 [WD Proxy] Matched '/element' to command name 'findElement'
2019-12-13 09:22:07:196 [WD Proxy] Proxying [POST /element] to [POST http://localhost:8200/wd/hub/session/b802ae91-72ff-4f1a-8210-c8c0b5924c4b/element] with body: {"strategy":"id","selector":"com.jm.android.jumei:id/ftb_mine","context":"","multiple":false}
2019-12-13 09:22:07:225 [WD Proxy] Got an unexpected response with status 404: {"sessionId":"b802ae91-72ff-4f1a-8210-c8c0b5924c4b","value":{"error":"no such element","message":"An element could not be located on the page using the given search parameters","stacktrace":"io.appium.uiautomator2.common.exceptions.ElementNotFoundException: An element could not be located on the page using the given search parameters\n\tat io.appium.uiautomator2.handler.FindElement.safeHandle(FindElement.java:78)\n\tat io.appium.uiautomator2.handler.request.SafeRequestHandler.handle(SafeRequestHandler.java:38)\n\tat io.appium.uiautomator2.server.AppiumServlet.handleRequest(AppiumServlet.java:252)\n\tat io.appium.uiautomator2.server.AppiumServlet.handleHttpRequest(AppiumServlet.java:242)\n\tat io.appium.uiautomator2.http.ServerHandler.channelRead(ServerHandler.java:44)\n\tat io.netty.channel.AbstractChannelHandlerContext.invokeChannelRead(AbstractChannelHandlerContext.java:366)\n\tat io.netty.channel.AbstractChannelHandlerContext.invokeChannelRead(AbstractChannelHandlerContext.java:352)\n\tat io.netty.chann...
2019-12-13 09:22:07:225 [W3C] Matched W3C error code 'no such element' to NoSuchElementError
2019-12-13 09:22:07:226 [MJSONWP (84096d5b)] Encountered internal error running command: NoSuchElementError: An element could not be located on the page using the given search parameters.
2019-12-13 09:22:07:227 [MJSONWP (84096d5b)]     at AndroidUiautomator2Driver.findElOrEls (/usr/local/lib/node_modules/appium/node_modules/appium-android-driver/lib/commands/find.js:75:11)
2019-12-13 09:22:07:228 [HTTP] <-- POST /wd/hub/session/84096d5b-1ab2-4af1-ae3e-18eadc46dafb/element 500 35 ms - 164
2019-12-13 09:22:07:228 [HTTP] 
2019-12-13 09:22:07:732 [HTTP] --> POST /wd/hub/session/84096d5b-1ab2-4af1-ae3e-18eadc46dafb/element
2019-12-13 09:22:07:732 [HTTP] {"using":"id","value":"com.jm.android.jumei:id/ftb_mine","sessionId":"84096d5b-1ab2-4af1-ae3e-18eadc46dafb"}
2019-12-13 09:22:07:733 [MJSONWP (84096d5b)] Calling AppiumDriver.findElement() with args: ["id","com.jm.android.jumei:id/ftb_mine","84096d5b-1ab2-4af1-ae3e-18eadc46dafb"]
2019-12-13 09:22:07:734 [BaseDriver] Valid locator strategies for this request: xpath, id, class name, accessibility id, -android uiautomator
2019-12-13 09:22:07:734 [BaseDriver] Waiting up to 0 ms for condition
2019-12-13 09:22:07:734 [WD Proxy] Matched '/element' to command name 'findElement'
2019-12-13 09:22:07:735 [WD Proxy] Proxying [POST /element] to [POST http://localhost:8200/wd/hub/session/b802ae91-72ff-4f1a-8210-c8c0b5924c4b/element] with body: {"strategy":"id","selector":"com.jm.android.jumei:id/ftb_mine","context":"","multiple":false}
2019-12-13 09:22:07:983 [WD Proxy] Got an unexpected response with status 404: {"sessionId":"b802ae91-72ff-4f1a-8210-c8c0b5924c4b","value":{"error":"no such element","message":"An element could not be located on the page using the given search parameters","stacktrace":"io.appium.uiautomator2.common.exceptions.ElementNotFoundException: An element could not be located on the page using the given search parameters\n\tat io.appium.uiautomator2.handler.FindElement.safeHandle(FindElement.java:78)\n\tat io.appium.uiautomator2.handler.request.SafeRequestHandler.handle(SafeRequestHandler.java:38)\n\tat io.appium.uiautomator2.server.AppiumServlet.handleRequest(AppiumServlet.java:252)\n\tat io.appium.uiautomator2.server.AppiumServlet.handleHttpRequest(AppiumServlet.java:242)\n\tat io.appium.uiautomator2.http.ServerHandler.channelRead(ServerHandler.java:44)\n\tat io.netty.channel.AbstractChannelHandlerContext.invokeChannelRead(AbstractChannelHandlerContext.java:366)\n\tat io.netty.channel.AbstractChannelHandlerContext.invokeChannelRead(AbstractChannelHandlerContext.java:352)\n\tat io.netty.chann...
2019-12-13 09:22:07:984 [W3C] Matched W3C error code 'no such element' to NoSuchElementError
2019-12-13 09:22:07:985 [MJSONWP (84096d5b)] Encountered internal error running command: NoSuchElementError: An element could not be located on the page using the given search parameters.
2019-12-13 09:22:07:985 [MJSONWP (84096d5b)]     at AndroidUiautomator2Driver.findElOrEls (/usr/local/lib/node_modules/appium/node_modules/appium-android-driver/lib/commands/find.js:75:11)
2019-12-13 09:22:07:986 [HTTP] <-- POST /wd/hub/session/84096d5b-1ab2-4af1-ae3e-18eadc46dafb/element 500 254 ms - 164
2019-12-13 09:22:07:986 [HTTP] 
2019-12-13 09:22:08:490 [HTTP] --> POST /wd/hub/session/84096d5b-1ab2-4af1-ae3e-18eadc46dafb/element
2019-12-13 09:22:08:490 [HTTP] {"using":"id","value":"com.jm.android.jumei:id/ftb_mine","sessionId":"84096d5b-1ab2-4af1-ae3e-18eadc46dafb"}
2019-12-13 09:22:08:491 [MJSONWP (84096d5b)] Calling AppiumDriver.findElement() with args: ["id","com.jm.android.jumei:id/ftb_mine","84096d5b-1ab2-4af1-ae3e-18eadc46dafb"]
2019-12-13 09:22:08:492 [BaseDriver] Valid locator strategies for this request: xpath, id, class name, accessibility id, -android uiautomator
2019-12-13 09:22:08:492 [BaseDriver] Waiting up to 0 ms for condition
2019-12-13 09:22:08:493 [WD Proxy] Matched '/element' to command name 'findElement'
2019-12-13 09:22:08:494 [WD Proxy] Proxying [POST /element] to [POST http://localhost:8200/wd/hub/session/b802ae91-72ff-4f1a-8210-c8c0b5924c4b/element] with body: {"strategy":"id","selector":"com.jm.android.jumei:id/ftb_mine","context":"","multiple":false}
2019-12-13 09:22:10:167 [WD Proxy] Got an unexpected response with status 404: {"sessionId":"b802ae91-72ff-4f1a-8210-c8c0b5924c4b","value":{"error":"no such element","message":"An element could not be located on the page using the given search parameters","stacktrace":"io.appium.uiautomator2.common.exceptions.ElementNotFoundException: An element could not be located on the page using the given search parameters\n\tat io.appium.uiautomator2.handler.FindElement.safeHandle(FindElement.java:78)\n\tat io.appium.uiautomator2.handler.request.SafeRequestHandler.handle(SafeRequestHandler.java:38)\n\tat io.appium.uiautomator2.server.AppiumServlet.handleRequest(AppiumServlet.java:252)\n\tat io.appium.uiautomator2.server.AppiumServlet.handleHttpRequest(AppiumServlet.java:242)\n\tat io.appium.uiautomator2.http.ServerHandler.channelRead(ServerHandler.java:44)\n\tat io.netty.channel.AbstractChannelHandlerContext.invokeChannelRead(AbstractChannelHandlerContext.java:366)\n\tat io.netty.channel.AbstractChannelHandlerContext.invokeChannelRead(AbstractChannelHandlerContext.java:352)\n\tat io.netty.chann...
2019-12-13 09:22:10:167 [W3C] Matched W3C error code 'no such element' to NoSuchElementError
2019-12-13 09:22:10:168 [MJSONWP (84096d5b)] Encountered internal error running command: NoSuchElementError: An element could not be located on the page using the given search parameters.
2019-12-13 09:22:10:169 [MJSONWP (84096d5b)]     at AndroidUiautomator2Driver.findElOrEls (/usr/local/lib/node_modules/appium/node_modules/appium-android-driver/lib/commands/find.js:75:11)
2019-12-13 09:22:10:170 [HTTP] <-- POST /wd/hub/session/84096d5b-1ab2-4af1-ae3e-18eadc46dafb/element 500 1680 ms - 164
2019-12-13 09:22:10:170 [HTTP] 
2019-12-13 09:22:10:675 [HTTP] --> POST /wd/hub/session/84096d5b-1ab2-4af1-ae3e-18eadc46dafb/element
2019-12-13 09:22:10:676 [HTTP] {"using":"id","value":"com.jm.android.jumei:id/ftb_mine","sessionId":"84096d5b-1ab2-4af1-ae3e-18eadc46dafb"}
2019-12-13 09:22:10:677 [MJSONWP (84096d5b)] Calling AppiumDriver.findElement() with args: ["id","com.jm.android.jumei:id/ftb_mine","84096d5b-1ab2-4af1-ae3e-18eadc46dafb"]
2019-12-13 09:22:10:678 [BaseDriver] Valid locator strategies for this request: xpath, id, class name, accessibility id, -android uiautomator
2019-12-13 09:22:10:678 [BaseDriver] Waiting up to 0 ms for condition
2019-12-13 09:22:10:679 [WD Proxy] Matched '/element' to command name 'findElement'
2019-12-13 09:22:10:680 [WD Proxy] Proxying [POST /element] to [POST http://localhost:8200/wd/hub/session/b802ae91-72ff-4f1a-8210-c8c0b5924c4b/element] with body: {"strategy":"id","selector":"com.jm.android.jumei:id/ftb_mine","context":"","multiple":false}
2019-12-13 09:22:10:828 [WD Proxy] Got an unexpected response with status 404: {"sessionId":"b802ae91-72ff-4f1a-8210-c8c0b5924c4b","value":{"error":"no such element","message":"An element could not be located on the page using the given search parameters","stacktrace":"io.appium.uiautomator2.common.exceptions.ElementNotFoundException: An element could not be located on the page using the given search parameters\n\tat io.appium.uiautomator2.handler.FindElement.safeHandle(FindElement.java:78)\n\tat io.appium.uiautomator2.handler.request.SafeRequestHandler.handle(SafeRequestHandler.java:38)\n\tat io.appium.uiautomator2.server.AppiumServlet.handleRequest(AppiumServlet.java:252)\n\tat io.appium.uiautomator2.server.AppiumServlet.handleHttpRequest(AppiumServlet.java:242)\n\tat io.appium.uiautomator2.http.ServerHandler.channelRead(ServerHandler.java:44)\n\tat io.netty.channel.AbstractChannelHandlerContext.invokeChannelRead(AbstractChannelHandlerContext.java:366)\n\tat io.netty.channel.AbstractChannelHandlerContext.invokeChannelRead(AbstractChannelHandlerContext.java:352)\n\tat io.netty.chann...
2019-12-13 09:22:10:829 [W3C] Matched W3C error code 'no such element' to NoSuchElementError
2019-12-13 09:22:10:830 [MJSONWP (84096d5b)] Encountered internal error running command: NoSuchElementError: An element could not be located on the page using the given search parameters.
2019-12-13 09:22:10:830 [MJSONWP (84096d5b)]     at AndroidUiautomator2Driver.findElOrEls (/usr/local/lib/node_modules/appium/node_modules/appium-android-driver/lib/commands/find.js:75:11)
2019-12-13 09:22:10:831 [HTTP] <-- POST /wd/hub/session/84096d5b-1ab2-4af1-ae3e-18eadc46dafb/element 500 156 ms - 164
2019-12-13 09:22:10:831 [HTTP] 
2019-12-13 09:22:11:335 [HTTP] --> POST /wd/hub/session/84096d5b-1ab2-4af1-ae3e-18eadc46dafb/element
2019-12-13 09:22:11:335 [HTTP] {"using":"id","value":"com.jm.android.jumei:id/ftb_mine","sessionId":"84096d5b-1ab2-4af1-ae3e-18eadc46dafb"}
2019-12-13 09:22:11:336 [MJSONWP (84096d5b)] Calling AppiumDriver.findElement() with args: ["id","com.jm.android.jumei:id/ftb_mine","84096d5b-1ab2-4af1-ae3e-18eadc46dafb"]
2019-12-13 09:22:11:337 [BaseDriver] Valid locator strategies for this request: xpath, id, class name, accessibility id, -android uiautomator
2019-12-13 09:22:11:337 [BaseDriver] Waiting up to 0 ms for condition
2019-12-13 09:22:11:338 [WD Proxy] Matched '/element' to command name 'findElement'
2019-12-13 09:22:11:339 [WD Proxy] Proxying [POST /element] to [POST http://localhost:8200/wd/hub/session/b802ae91-72ff-4f1a-8210-c8c0b5924c4b/element] with body: {"strategy":"id","selector":"com.jm.android.jumei:id/ftb_mine","context":"","multiple":false}
2019-12-13 09:22:13:544 [WD Proxy] Got response with status 200: {"sessionId":"b802ae91-72ff-4f1a-8210-c8c0b5924c4b","value":{"ELEMENT":"74172b17-5645-4b8d-8fa0-404032505c47","element-6066-11e4-a52e-4f735466cecf":"74172b17-5645-4b8d-8fa0-404032505c47"}}
2019-12-13 09:22:13:546 [MJSONWP (84096d5b)] Responding to client with driver.findElement() result: {"element-6066-11e4-a52e-4f735466cecf":"74172b17-5645-4b8d-8fa0-404032505c47","ELEMENT":"74172b17-5645-4b8d-8fa0-404032505c47"}
2019-12-13 09:22:13:548 [HTTP] <-- POST /wd/hub/session/84096d5b-1ab2-4af1-ae3e-18eadc46dafb/element 200 2212 ms - 199
2019-12-13 09:22:13:548 [HTTP] 
2019-12-13 09:22:13:559 [HTTP] --> POST /wd/hub/session/84096d5b-1ab2-4af1-ae3e-18eadc46dafb/context
2019-12-13 09:22:13:559 [HTTP] {"name":"NATIVE_APP","sessionId":"84096d5b-1ab2-4af1-ae3e-18eadc46dafb"}
2019-12-13 09:22:13:561 [MJSONWP (84096d5b)] Calling AppiumDriver.setContext() with args: ["NATIVE_APP","84096d5b-1ab2-4af1-ae3e-18eadc46dafb"]
2019-12-13 09:22:13:565 [MJSONWP (84096d5b)] Responding to client with driver.setContext() result: null
2019-12-13 09:22:13:566 [HTTP] <-- POST /wd/hub/session/84096d5b-1ab2-4af1-ae3e-18eadc46dafb/context 200 6 ms - 76
2019-12-13 09:22:13:568 [HTTP] 
2019-12-13 09:22:14:672 [HTTP] --> GET /wd/hub/session/84096d5b-1ab2-4af1-ae3e-18eadc46dafb/screenshot
2019-12-13 09:22:14:672 [HTTP] {}
2019-12-13 09:22:14:674 [MJSONWP (84096d5b)] Calling AppiumDriver.getScreenshot() with args: ["84096d5b-1ab2-4af1-ae3e-18eadc46dafb"]
2019-12-13 09:22:14:679 [WD Proxy] Matched '/screenshot' to command name 'getScreenshot'
2019-12-13 09:22:14:680 [WD Proxy] Proxying [GET /screenshot] to [GET http://localhost:8200/wd/hub/session/b802ae91-72ff-4f1a-8210-c8c0b5924c4b/screenshot] with no body
2019-12-13 09:22:15:644 [WD Proxy] Got response with status 200: {"sessionId":"b802ae91-72ff-4f1a-8210-c8c0b5924c4b","value":"iVBORw0KGgoAAAANSUhEUgAAAtAAAAUACAYAAABuzmU9AAAABHNCSVQICAgIfAhkiAAAIABJREFU\neJzs3Xl4VNXdB\/DvrMlkD1kIZCEk7IQt7PsSXBAii4pLBUSwlta2IrWv2lprX7DVtlJb22pVVARf\n2RQVy6bIkkgAWRJCEkICgUAWQraZyWT2ef9IZsxkZpK5mSyT8P08Tx6YO+fce2bO3Du\/OfcsIovF\nYgF5GQsAUVcXghywXrwT68U7sV68kwWYNburC0HNHf6W9eKNDh92+ZS480pBRERERNT9MYAmIiIi\nIhKAATQRERERkQAMoImIiIiIBJBa\/5OXl4esrCy7J0UiEfz9\/TFq1ChER0d7fLDS0lLs3r0bN27c\nQEhICO6++24kJSW1aV+ffvopIiMjMW3aNLfzfPvttxg2bBh69+7dpmN6G7lcjqioKFy7dg1FRUU4\nefIkZDIZFi9e7DR9bm4uzp8\/D39\/f8yfP79Nx\/S0DtvzM+CtmtbL3r17oVKpMHLkSAwZMsRpeuu5\nFxISgjvvvFPw8VgnDTrrHHAX66VBZ5wD7mKd2MvTaJBVV2e3TQTAXyLBqIAARMvlXVOwFnxbU4Nh\nfn7oLaBspXo9dt+6hRs6HUKkUtzdqxeS\/P07sJTtQ2s247Nbt3BRo4FYJMIAhQJLwsPhK7Zv+8yu\nq8OuW7fweO\/eiPX17aLStqwn1pvIOgvHq6++iueee85pIrFYjMmTJ+PPf\/4zJk+e3KYDffjhh1i7\ndi2qq6tt22QyGdauXYtXX31V0L727duHefPm4aWXXsLvf\/\/7FtMWFhZi06ZN+Oyzz5Cbm4v09HRM\nmTKlLS+hE7k3er1poHbr1i0kJyejuLgYb7zxBn7xi184pB8zZgzOnTuHp59+Ghs3bhRcKk\/rsD0\/\nA11DeL089d...
2019-12-13 09:22:15:646 [MJSONWP (84096d5b)] Responding to client with driver.getScreenshot() result: "iVBORw0KGgoAAAANSUhEUgAAAtAAAAUACAYAAABuzmU9AAAABHNCSVQICAgIfAhkiAAAIABJREFU\neJzs3Xl4VNXdB/DvrMlkD1kIZCEk7IQt7PsSXBAii4pLBUSwlta2IrWv2lprX7DVtlJb22pVVARf\n2RQVy6bIkkgAWRJCEkICgUAWQraZyWT2ef9IZsxkZpK5mSyT8P08Tx6YO+fce2bO3Du/OfcsIovF\nYgF5GQsAUVcXghywXrwT68U7sV68kwWYNburC0HNHf6W9eKNDh92+ZS480pBRERERNT9MYAmIiIi\nIhKAATQRERERkQAMoImIiIiIBJBa/5OXl4esrCy7J0UiEfz9/TFq1ChER0d7fLDS0lLs3r0bN27c\nQEhICO6++24kJSW1aV+ffvopIiMjMW3aNLfzfPvttxg2bBh69+7dpmN6G7lcjqioKFy7dg1FRUU4\nefIkZDIZFi9e7DR9bm4uzp8/D39/f8yfP79Nx/S0DtvzM+CtmtbL3r17oVKpMHLkSAwZMsRpeuu5\nFxISgjvvvFPw8VgnDTrrHHAX66VBZ5wD7mKd2MvTaJBVV2e3TQTAXyLBqIAARMvlXVOwFnxbU4Nh\nfn7oLaBspXo9dt+6hRs6HUKkUtzdqxeS/P07sJTtQ2s247Nbt3BRo4FYJMIAhQJLwsPhK7Zv+8yu\nq8OuW7fweO/eiPX17aLStqwn1pvIOgvHq6++iueee85pIrFYjMmTJ+PPf/4zJk+e3KYDffjhh1i7\ndi2qq6tt22QyGdauXYtXX31V0L727duHefPm4aWXXsLvf//7FtMWFhZi06ZN+Oyzz5Cbm4v09HRM\nmTKlLS+hE7k3er1poHbr1i0kJyejuLgYb7zxBn7xi184pB8zZgzOnTuHp59+Ghs3bhRcKk/rsD0/\nA11DeL089dRT+Oc//4lZs2bh22+/dZp+1qxZOHLkCNatW4e//OUvgkrEOgGs9dIZ54C7WC+AtV46\n+hxwF+...
2019-12-13 09:22:15:650 [HTTP] <-- GET /wd/hub/session/84096d5b-1ab2-4af1-ae3e-18eadc46dafb/screenshot 200 978 ms - 119566
2019-12-13 09:22:15:650 [HTTP] 
2019-12-13 09:22:15:661 [HTTP] --> POST /wd/hub/session/84096d5b-1ab2-4af1-ae3e-18eadc46dafb/appium/app/close
2019-12-13 09:22:15:662 [HTTP] {"sessionId":"84096d5b-1ab2-4af1-ae3e-18eadc46dafb"}
2019-12-13 09:22:15:665 [MJSONWP (84096d5b)] Calling AppiumDriver.closeApp() with args: ["84096d5b-1ab2-4af1-ae3e-18eadc46dafb"]
2019-12-13 09:22:15:670 [ADB] Running '/Users/vic/work/androidSDK/android-sdk-macosx/platform-tools/adb -P 5037 -s emulator-5554 shell am force-stop com.jm.android.jumei'
2019-12-13 09:22:17:271 [MJSONWP (84096d5b)] Responding to client with driver.closeApp() result: null
2019-12-13 09:22:17:272 [HTTP] <-- POST /wd/hub/session/84096d5b-1ab2-4af1-ae3e-18eadc46dafb/appium/app/close 200 1610 ms - 76
2019-12-13 09:22:17:273 [HTTP] 
2019-12-13 09:22:17:274 [HTTP] --> DELETE /wd/hub/session/84096d5b-1ab2-4af1-ae3e-18eadc46dafb
2019-12-13 09:22:17:275 [HTTP] {}
2019-12-13 09:22:17:275 [MJSONWP (84096d5b)] Calling AppiumDriver.deleteSession() with args: ["84096d5b-1ab2-4af1-ae3e-18eadc46dafb"]
2019-12-13 09:22:17:276 [BaseDriver] Event 'quitSessionRequested' logged at 1576228937276 (17:22:17 GMT+0800 (China Standard Time))
2019-12-13 09:22:17:277 [Appium] Removing session 84096d5b-1ab2-4af1-ae3e-18eadc46dafb from our master session list
2019-12-13 09:22:17:278 [UiAutomator2] Deleting UiAutomator2 session
2019-12-13 09:22:17:278 [UiAutomator2] Deleting UiAutomator2 server session
2019-12-13 09:22:17:279 [WD Proxy] Matched '/' to command name 'deleteSession'
2019-12-13 09:22:17:279 [WD Proxy] Proxying [DELETE /] to [DELETE http://localhost:8200/wd/hub/session/b802ae91-72ff-4f1a-8210-c8c0b5924c4b] with no body
2019-12-13 09:22:17:290 [WD Proxy] Got response with status 200: {"sessionId":"b802ae91-72ff-4f1a-8210-c8c0b5924c4b","value":null}
2019-12-13 09:22:17:291 [UiAutomator2] Resetting IME to 'com.android.adbkeyboard/.AdbIME'
2019-12-13 09:22:17:291 [ADB] Running '/Users/vic/work/androidSDK/android-sdk-macosx/platform-tools/adb -P 5037 -s emulator-5554 shell ime set com.android.adbkeyboard/.AdbIME'
2019-12-13 09:22:17:644 [Instrumentation] .
2019-12-13 09:22:17:859 [ADB] Running '/Users/vic/work/androidSDK/android-sdk-macosx/platform-tools/adb -P 5037 -s emulator-5554 shell am force-stop com.jm.android.jumei'
2019-12-13 09:22:18:104 [Instrumentation] Time: 27.077
2019-12-13 09:22:18:105 [Instrumentation] 
2019-12-13 09:22:18:105 [Instrumentation] OK (1 test)
2019-12-13 09:22:18:325 [Instrumentation] The process has exited with code 0
2019-12-13 09:22:18:417 [Logcat] Stopping logcat capture
2019-12-13 09:22:18:419 [ADB] Removing forwarded port socket connection: 8200 
2019-12-13 09:22:18:419 [ADB] Running '/Users/vic/work/androidSDK/android-sdk-macosx/platform-tools/adb -P 5037 -s emulator-5554 forward --remove tcp\:8200'
2019-12-13 09:22:18:470 [BaseDriver] Event 'quitSessionFinished' logged at 1576228938470 (17:22:18 GMT+0800 (China Standard Time))
2019-12-13 09:22:18:470 [MJSONWP (84096d5b)] Received response: null
2019-12-13 09:22:18:471 [MJSONWP (84096d5b)] But deleting session, so not returning
2019-12-13 09:22:18:471 [MJSONWP (84096d5b)] Responding to client with driver.deleteSession() result: null
2019-12-13 09:22:18:472 [HTTP] <-- DELETE /wd/hub/session/84096d5b-1ab2-4af1-ae3e-18eadc46dafb 200 1198 ms - 76
2019-12-13 09:22:18:473 [HTTP] 
