2019-12-11 15:01:46,042  - INFO - ----  test001_登录title_com.jm.android.jumei:id/commit_click          ----
2019-12-11 15:01:47,400  - INFO - ----  test001_登录title_com.android.packageinstaller:id/permission_allow_button_click          ----
2019-12-11 15:01:48,132  - INFO - ----  test001_登录title_com.android.packageinstaller:id/permission_allow_button_click          ----
2019-12-11 15:01:59,119  - INFO - ----  test001_登录title_com.jm.android.jumei:id/ftb_mine_click          ----
2019-12-11 15:02:02,712  - INFO - ----  test001_登录title_com.jm.android.jumei:id/mine_top_register_login_tv_click          ----
2019-12-11 15:02:06,416  - INFO - ----  test001_登录title_com.jm.android.jumei:id/tab_login_account_click          ----
2019-12-11 15:02:06,780  - INFO - ----  test001_登录title_com.jm.android.jumei:id/lg_user_name_set_value 469858846@qq.com        ----
2019-12-11 15:02:07,963  - INFO - ----  test001_登录title_com.jm.android.jumei:id/lg_password_set_value ZWwodeai1314        ----
2019-12-11 15:02:09,134  - INFO - ----  test001_登录title_com.jm.android.jumei:id/login_account_click          ----
2019-12-11 15:02:13,092  - INFO - ----  test001_登录title_com.jm.android.jumei:id/mine_card_header_swipe_up          ----
2019-12-11 15:02:16,172  - INFO - ----  test001_登录title_//*[@text='颜值贷']_click          ----
2019-12-11 15:02:22,650  - INFO - ----  test001_登录title_360,700_adb_tap          ----
2019-12-11 15:02:27,588  - INFO - ----  test001_登录title_370,870_adb_tap          ----
2019-12-11 15:02:32,684  - INFO - ----  test001_登录title_200,305_adb_tap          ----
2019-12-11 15:02:38,519  - INFO - ----  test001_登录title_1000_input_tap          ----
2019-12-11 15:02:45,576  - INFO - ----  test001_登录title_608,440_adb_tap          ----
2019-12-11 15:02:50,353  - INFO - ----  test001_登录title_665,880_adb_tap          ----
2019-12-11 15:02:54,740  - INFO - ----  test001_登录title_610,795_adb_tap          ----
2019-12-11 15:02:59,043  - INFO - ----  test001_登录title_240,960_adb_tap          ----
2019-12-11 15:03:03,380  - INFO - ----  test001_登录title_365,1230_adb_tap          ----
2019-12-11 15:03:07,486  - INFO - ----  test001_登录title_//*[@text='申请借款']_           ----
2019-12-11 15:03:07,520  - INFO - [CheckPoint_1]: testFirstClick_ : OK
